Exception at PC 0x00007FFA9A874008
Exception at PC 0x00007FFA9A874008
Exception at PC 0x00007FFA9A874008
Exception at PC 0x00007FFA9A874008
Exception at PC 0x00007FFA27C4E132
Attemped to write at address 0x00007FFA831B4AA4
Printing stacktrace...

[0]  [0x00007FFA27C4E132]
[1]  [0x00007FFA27C4E132]
[2]  [0x00007FFA27C4E194]
[3]  [0x00007FFA2789D0D7]
[4]  [0x00007FFA27782BCA]
[5]  [0x00007FFA27782FD1]
[6]  [0x00007FFA27C4EB2F]
[7]  [0x00007FFA27B0C19D]
[8]  [0x00007FFA27B05942]
[9]  [0x00007FFA27B05AB5]
[10] (RtlDeactivateActivationContextUnsafeFast+0x1b3) [0x00007FFA9DD61493]
[11] (LdrShutdownProcess+0x125) [0x00007FFA9DD90755]
[12] (RtlExitUserProcess+0xb4) [0x00007FFA9DD90614]
[13] (ExitProcess+0xa) [0x00007FFA9D3CF06A]
[14] (exit+0x75) [0x00007FFA9CE49B25]
[15] (initterm_e+0x21d) [0x00007FFA9CE4A16D]
[16]  [0x00000000004014CD]
[17]  [0x000000000040151B]
[18] (BaseThreadInitThunk+0x14) [0x00007FFA9D3D1FE4]
[19] (RtlUserThreadStart+0x21) [0x00007FFA9DDBF061]
Done
